Arguments: 
  /Users/despinayjosselin/.nvm/versions/node/v9.10.0/bin/node /Users/despinayjosselin/.yarn/bin/yarn.js build

PATH: 
  /Users/despinayjosselin/.yarn/bin:/Users/despinayjosselin/.config/yarn/global/node_modules/.bin:/Users/despinayjosselin/.nvm/versions/node/v9.10.0/bin:/Users/despinayjosselin/Library/Android/sdk/platform-tools/:/usr/local/bin:/usr/bin:/bin:/usr/sbin:/sbin:/Library/Frameworks/Mono.framework/Versions/Current/Commands

Yarn version: 
  1.5.1

Node version: 
  9.10.0

Platform: 
  darwin x64

npm manifest: 
  No manifest

yarn manifest: 
  No manifest

Lockfile: 
  No lockfile

Trace: 
  Error: Couldn't find a package.json file in "/Users/despinayjosselin/Documents/workspace/keiko"
      at new MessageError (/Users/despinayjosselin/.yarn/lib/cli.js:186:110)
      at /Users/despinayjosselin/.yarn/lib/cli.js:40048:15
      at Generator.next (<anonymous>)
      at step (/Users/despinayjosselin/.yarn/lib/cli.js:98:30)
      at /Users/despinayjosselin/.yarn/lib/cli.js:109:13
      at <anonymous>
